Build started 25/02/2014 21:07:51.
     1>Project "P:\jcchrist\INTRODUÇÃO À INFORMÁTICA\PROGRAMA-02\PRG02\PRG02.vcxproj" on node 2 (build target(s)).
     1>InitializeBuildStatus:
         Creating "Debug\PRG02.unsuccessfulbuild" because "AlwaysCreate" was specified.
       GenerateTargetFrameworkMonikerAttribute:
       Skipping target "GenerateTargetFrameworkMonikerAttribute" because all output files are up-to-date with respect to the input files.
       ClCompile:
         All outputs are up-to-date.
         c:\Program Files\Microsoft Visual Studio 10.0\VC\bin\CL.exe /c /AI"C:\Program Files\Reference Assemblies\Microsoft\Framework\.NETFramework\v4.0" /Zi /clr:pure /nologo /W3 /WX- /Od /Oy- /D WIN32 /D _DEBUG /D _UNICODE /D UNICODE /EHa /MDd /GS /fp:precise /Zc:wchar_t /Zc:forScope /Yu"StdAfx.h" /Fp"Debug\PRG02.pch" /Fo"Debug\\" /Fd"Debug\vc100.pdb" /TP /FU"C:\Program Files\Reference Assemblies\Microsoft\Framework\.NETFramework\v4.0\System.Core.dll" /FU"C:\Program Files\Reference Assemblies\Microsoft\Framework\.NETFramework\v4.0\System.Data.dll" /FU"C:\Program Files\Reference Assemblies\Microsoft\Framework\.NETFramework\v4.0\System.dll" /FU"C:\Program Files\Reference Assemblies\Microsoft\Framework\.NETFramework\v4.0\System.Drawing.dll" /FU"C:\Program Files\Reference Assemblies\Microsoft\Framework\.NETFramework\v4.0\System.Windows.Forms.dll" /FU"C:\Program Files\Reference Assemblies\Microsoft\Framework\.NETFramework\v4.0\System.Xml.dll" /analyze- /errorReport:prompt PRG02.cpp /clr:nostdlib 
         PRG02.cpp
     1>p:\jcchrist\introdução à informática\programa-02\prg02\Form1.h(301): warning C4244: '=' : conversion from 'double' to 'int', possible loss of data
     1>p:\jcchrist\introdução à informática\programa-02\prg02\Form1.h(302): warning C4244: '=' : conversion from 'double' to 'int', possible loss of data
         All outputs are up-to-date.
       ManagedIncrementalBuildPostProcessDependencyGraph:
         To improve incremental build performance for managed components, please make sure that the 'VC++ Directories->Reference Directories' points to all the paths which contain the referenced managed assemblies.
         Could not load file or assembly 'file:///C:\PROGRAM FILES (X86)\MICROSOFT VISUAL STUDIO 10.0\VC\BIN\1033\CLUI.DLL' or one of its dependencies. O sistema não pode encontrar o arquivo especificado.
         To improve incremental build performance for managed components, please make sure that the 'VC++ Directories->Reference Directories' points to all the paths which contain the referenced managed assemblies.
         Could not load file or assembly 'file:///C:\PROGRAM FILES (X86)\REFERENCE ASSEMBLIES\MICROSOFT\FRAMEWORK\.NETFRAMEWORK\V4.0\MSCORLIB.DLL' or one of its dependencies. O sistema não pode encontrar o arquivo especificado.
         To improve incremental build performance for managed components, please make sure that the 'VC++ Directories->Reference Directories' points to all the paths which contain the referenced managed assemblies.
         Could not load file or assembly 'file:///C:\PROGRAM FILES (X86)\REFERENCE ASSEMBLIES\MICROSOFT\FRAMEWORK\.NETFRAMEWORK\V4.0\SYSTEM.CORE.DLL' or one of its dependencies. O sistema não pode encontrar o arquivo especificado.
         To improve incremental build performance for managed components, please make sure that the 'VC++ Directories->Reference Directories' points to all the paths which contain the referenced managed assemblies.
         Could not load file or assembly 'file:///C:\PROGRAM FILES (X86)\REFERENCE ASSEMBLIES\MICROSOFT\FRAMEWORK\.NETFRAMEWORK\V4.0\SYSTEM.DATA.DLL' or one of its dependencies. O sistema não pode encontrar o arquivo especificado.
         To improve incremental build performance for managed components, please make sure that the 'VC++ Directories->Reference Directories' points to all the paths which contain the referenced managed assemblies.
         Could not load file or assembly 'file:///C:\PROGRAM FILES (X86)\REFERENCE ASSEMBLIES\MICROSOFT\FRAMEWORK\.NETFRAMEWORK\V4.0\SYSTEM.DLL' or one of its dependencies. O sistema não pode encontrar o arquivo especificado.
         To improve incremental build performance for managed components, please make sure that the 'VC++ Directories->Reference Directories' points to all the paths which contain the referenced managed assemblies.
         Could not load file or assembly 'file:///C:\PROGRAM FILES (X86)\REFERENCE ASSEMBLIES\MICROSOFT\FRAMEWORK\.NETFRAMEWORK\V4.0\SYSTEM.DRAWING.DLL' or one of its dependencies. O sistema não pode encontrar o arquivo especificado.
         To improve incremental build performance for managed components, please make sure that the 'VC++ Directories->Reference Directories' points to all the paths which contain the referenced managed assemblies.
         Could not load file or assembly 'file:///C:\PROGRAM FILES (X86)\REFERENCE ASSEMBLIES\MICROSOFT\FRAMEWORK\.NETFRAMEWORK\V4.0\SYSTEM.WINDOWS.FORMS.DLL' or one of its dependencies. O sistema não pode encontrar o arquivo especificado.
         To improve incremental build performance for managed components, please make sure that the 'VC++ Directories->Reference Directories' points to all the paths which contain the referenced managed assemblies.
         Could not load file or assembly 'file:///C:\PROGRAM FILES (X86)\REFERENCE ASSEMBLIES\MICROSOFT\FRAMEWORK\.NETFRAMEWORK\V4.0\SYSTEM.XML.DLL' or one of its dependencies. O sistema não pode encontrar o arquivo especificado.
         To improve incremental build performance for managed components, please make sure that the 'VC++ Directories->Reference Directories' points to all the paths which contain the referenced managed assemblies.
         Could not load file or assembly 'file:///C:\PROGRAM FILES (X86)\REFERENCE ASSEMBLIES\MICROSOFT\FRAMEWORK\.NETFRAMEWORK\V4.0\MICROSOFT.VISUALC.DLL' or one of its dependencies. O sistema não pode encontrar o arquivo especificado.
       CoreResGen:
         "C:\Program Files\Microsoft SDKs\Windows\v7.0A\bin\NETFX 4.0 Tools\resgen.exe" /useSourcePath /r:"C:\Program Files\Reference Assemblies\Microsoft\Framework\.NETFramework\v4.0\System.Core.dll" /r:"C:\Program Files\Reference Assemblies\Microsoft\Framework\.NETFramework\v4.0\System.Data.dll" /r:"C:\Program Files\Reference Assemblies\Microsoft\Framework\.NETFramework\v4.0\System.dll" /r:"C:\Program Files\Reference Assemblies\Microsoft\Framework\.NETFramework\v4.0\System.Drawing.dll" /r:"C:\Program Files\Reference Assemblies\Microsoft\Framework\.NETFramework\v4.0\System.Windows.Forms.dll" /r:"C:\Program Files\Reference Assemblies\Microsoft\Framework\.NETFramework\v4.0\System.Xml.dll" /compile Form1.resX,Debug\PRG02.Form1.resources
         Processing resource file "Form1.resX" into "Debug\PRG02.Form1.resources".
       ResourceCompile:
         All outputs are up-to-date.
       Link:
         c:\Program Files\Microsoft Visual Studio 10.0\VC\bin\link.exe /ERRORREPORT:PROMPT /OUT:"P:\jcchrist\INTRODUÇÃO À INFORMÁTICA\PROGRAMA-02\Debug\PRG02.exe" /INCREMENTAL /NOLOGO /ASSEMBLYRESOURCE:Debug\PRG02.Form1.resources /MANIFEST /ManifestFile:"Debug\PRG02.exe.intermediate.manifest" /MANIFESTUAC:"level='asInvoker' uiAccess='false'" /DEBUG /PDB:"P:\jcchrist\INTRODUÇÃO À INFORMÁTICA\PROGRAMA-02\Debug\PRG02.pdb" /ASSEMBLYDEBUG /SUBSYSTEM:WINDOWS /TLBID:1 /ENTRY:"main" /DYNAMICBASE /FIXED:NO /NXCOMPAT /MACHINE:X86 Debug\app.res
         Debug\AssemblyInfo.obj
         Debug\PRG02.obj
         Debug\stdafx.obj
         "Debug\.NETFramework,Version=v4.0.AssemblyAttributes.obj"
         PRG02.vcxproj -> P:\jcchrist\INTRODUÇÃO À INFORMÁTICA\PROGRAMA-02\Debug\PRG02.exe
       Manifest:
         C:\Program Files\Microsoft SDKs\Windows\v7.0A\bin\mt.exe /nologo /verbose /outputresource:"P:\jcchrist\INTRODUÇÃO À INFORMÁTICA\PROGRAMA-02\Debug\PRG02.exe;#1" /manifest Debug\PRG02.exe.intermediate.manifest
       FinalizeBuildStatus:
         Deleting file "Debug\PRG02.unsuccessfulbuild".
         Touching "Debug\PRG02.lastbuildstate".
     1>Done Building Project "P:\jcchrist\INTRODUÇÃO À INFORMÁTICA\PROGRAMA-02\PRG02\PRG02.vcxproj" (build target(s)).

Build succeeded.

Time Elapsed 00:00:08.23
