C:\CARLOS\AULAS\VISUAL STUDIO 2010 EXPRESS\FONTES\PROGRAMA-01\PRG02\DEBUG\PRG02.EXE
C:\CARLOS\AULAS\VISUAL STUDIO 2010 EXPRESS\FONTES\PROGRAMA-01\PRG02\DEBUG\PRG02.ILK
C:\CARLOS\AULAS\VISUAL STUDIO 2010 EXPRESS\FONTES\PROGRAMA-01\PRG02\DEBUG\PRG02.PDB
C:\CARLOS\AULAS\VISUAL STUDIO 2010 EXPRESS\FONTES\PROGRAMA-01\PRG02\PRG02\DEBUG\APP.RES
C:\CARLOS\AULAS\VISUAL STUDIO 2010 EXPRESS\FONTES\PROGRAMA-01\PRG02\PRG02\DEBUG\ASSEMBLYINFO.OBJ
C:\CARLOS\AULAS\VISUAL STUDIO 2010 EXPRESS\FONTES\PROGRAMA-01\PRG02\PRG02\DEBUG\PRG02.EXE.INTERMEDIATE.MANIFEST
C:\CARLOS\AULAS\VISUAL STUDIO 2010 EXPRESS\FONTES\PROGRAMA-01\PRG02\PRG02\DEBUG\PRG02.FORM1.RESOURCES
C:\CARLOS\AULAS\VISUAL STUDIO 2010 EXPRESS\FONTES\PROGRAMA-01\PRG02\PRG02\DEBUG\PRG02.OBJ
C:\CARLOS\AULAS\VISUAL STUDIO 2010 EXPRESS\FONTES\PROGRAMA-01\PRG02\PRG02\DEBUG\PRG02.PCH
C:\CARLOS\AULAS\VISUAL STUDIO 2010 EXPRESS\FONTES\PROGRAMA-01\PRG02\PRG02\DEBUG\STDAFX.OBJ
C:\CARLOS\AULAS\VISUAL STUDIO 2010 EXPRESS\FONTES\PROGRAMA-01\PRG02\PRG02\DEBUG\VC100.PDB
C:\CARLOS\AULAS\VISUAL STUDIO 2010 EXPRESS\FONTES\PROGRAMA-02\DEBUG\PRG02.EXE
C:\CARLOS\AULAS\VISUAL STUDIO 2010 EXPRESS\FONTES\PROGRAMA-02\DEBUG\PRG02.ILK
C:\CARLOS\AULAS\VISUAL STUDIO 2010 EXPRESS\FONTES\PROGRAMA-02\DEBUG\PRG02.PDB
C:\CARLOS\AULAS\VISUAL STUDIO 2010 EXPRESS\FONTES\PROGRAMA-02\PRG02\DEBUG\.NETFRAMEWORK,VERSION=V4.0.ASSEMBLYATTRIBUTES.OBJ
C:\CARLOS\AULAS\VISUAL STUDIO 2010 EXPRESS\FONTES\PROGRAMA-02\PRG02\DEBUG\APP.RES
C:\CARLOS\AULAS\VISUAL STUDIO 2010 EXPRESS\FONTES\PROGRAMA-02\PRG02\DEBUG\ASSEMBLYINFO.OBJ
C:\CARLOS\AULAS\VISUAL STUDIO 2010 EXPRESS\FONTES\PROGRAMA-02\PRG02\Debug\cl.command.1.tlog
C:\CARLOS\AULAS\VISUAL STUDIO 2010 EXPRESS\FONTES\PROGRAMA-02\PRG02\Debug\CL.read.1.tlog
C:\CARLOS\AULAS\VISUAL STUDIO 2010 EXPRESS\FONTES\PROGRAMA-02\PRG02\Debug\CL.write.1.tlog
C:\CARLOS\AULAS\VISUAL STUDIO 2010 EXPRESS\FONTES\PROGRAMA-02\PRG02\Debug\GenerateResource.read.1.tlog
C:\CARLOS\AULAS\VISUAL STUDIO 2010 EXPRESS\FONTES\PROGRAMA-02\PRG02\Debug\GenerateResource.read.107.tlog
C:\CARLOS\AULAS\VISUAL STUDIO 2010 EXPRESS\FONTES\PROGRAMA-02\PRG02\Debug\GenerateResource.read.11.tlog
C:\CARLOS\AULAS\VISUAL STUDIO 2010 EXPRESS\FONTES\PROGRAMA-02\PRG02\Debug\GenerateResource.read.138.tlog
C:\CARLOS\AULAS\VISUAL STUDIO 2010 EXPRESS\FONTES\PROGRAMA-02\PRG02\Debug\GenerateResource.read.145.tlog
C:\CARLOS\AULAS\VISUAL STUDIO 2010 EXPRESS\FONTES\PROGRAMA-02\PRG02\Debug\GenerateResource.read.156.tlog
C:\CARLOS\AULAS\VISUAL STUDIO 2010 EXPRESS\FONTES\PROGRAMA-02\PRG02\Debug\GenerateResource.read.20.tlog
C:\CARLOS\AULAS\VISUAL STUDIO 2010 EXPRESS\FONTES\PROGRAMA-02\PRG02\Debug\GenerateResource.read.21.tlog
C:\CARLOS\AULAS\VISUAL STUDIO 2010 EXPRESS\FONTES\PROGRAMA-02\PRG02\Debug\GenerateResource.read.29.tlog
C:\CARLOS\AULAS\VISUAL STUDIO 2010 EXPRESS\FONTES\PROGRAMA-02\PRG02\Debug\GenerateResource.read.31.tlog
C:\CARLOS\AULAS\VISUAL STUDIO 2010 EXPRESS\FONTES\PROGRAMA-02\PRG02\Debug\GenerateResource.read.33.tlog
C:\CARLOS\AULAS\VISUAL STUDIO 2010 EXPRESS\FONTES\PROGRAMA-02\PRG02\Debug\GenerateResource.read.41.tlog
C:\CARLOS\AULAS\VISUAL STUDIO 2010 EXPRESS\FONTES\PROGRAMA-02\PRG02\Debug\GenerateResource.read.47.tlog
C:\CARLOS\AULAS\VISUAL STUDIO 2010 EXPRESS\FONTES\PROGRAMA-02\PRG02\Debug\GenerateResource.read.49.tlog
C:\CARLOS\AULAS\VISUAL STUDIO 2010 EXPRESS\FONTES\PROGRAMA-02\PRG02\Debug\GenerateResource.read.6.tlog
C:\CARLOS\AULAS\VISUAL STUDIO 2010 EXPRESS\FONTES\PROGRAMA-02\PRG02\Debug\GenerateResource.read.66.tlog
C:\CARLOS\AULAS\VISUAL STUDIO 2010 EXPRESS\FONTES\PROGRAMA-02\PRG02\Debug\GenerateResource.read.9.tlog
C:\CARLOS\AULAS\VISUAL STUDIO 2010 EXPRESS\FONTES\PROGRAMA-02\PRG02\Debug\GenerateResource.read.96.tlog
C:\CARLOS\AULAS\VISUAL STUDIO 2010 EXPRESS\FONTES\PROGRAMA-02\PRG02\Debug\GenerateResource.write.1.tlog
C:\CARLOS\AULAS\VISUAL STUDIO 2010 EXPRESS\FONTES\PROGRAMA-02\PRG02\Debug\GenerateResource.write.107.tlog
C:\CARLOS\AULAS\VISUAL STUDIO 2010 EXPRESS\FONTES\PROGRAMA-02\PRG02\Debug\GenerateResource.write.11.tlog
C:\CARLOS\AULAS\VISUAL STUDIO 2010 EXPRESS\FONTES\PROGRAMA-02\PRG02\Debug\GenerateResource.write.138.tlog
C:\CARLOS\AULAS\VISUAL STUDIO 2010 EXPRESS\FONTES\PROGRAMA-02\PRG02\Debug\GenerateResource.write.145.tlog
C:\CARLOS\AULAS\VISUAL STUDIO 2010 EXPRESS\FONTES\PROGRAMA-02\PRG02\Debug\GenerateResource.write.156.tlog
C:\CARLOS\AULAS\VISUAL STUDIO 2010 EXPRESS\FONTES\PROGRAMA-02\PRG02\Debug\GenerateResource.write.20.tlog
C:\CARLOS\AULAS\VISUAL STUDIO 2010 EXPRESS\FONTES\PROGRAMA-02\PRG02\Debug\GenerateResource.write.21.tlog
C:\CARLOS\AULAS\VISUAL STUDIO 2010 EXPRESS\FONTES\PROGRAMA-02\PRG02\Debug\GenerateResource.write.29.tlog
C:\CARLOS\AULAS\VISUAL STUDIO 2010 EXPRESS\FONTES\PROGRAMA-02\PRG02\Debug\GenerateResource.write.31.tlog
C:\CARLOS\AULAS\VISUAL STUDIO 2010 EXPRESS\FONTES\PROGRAMA-02\PRG02\Debug\GenerateResource.write.33.tlog
C:\CARLOS\AULAS\VISUAL STUDIO 2010 EXPRESS\FONTES\PROGRAMA-02\PRG02\Debug\GenerateResource.write.41.tlog
C:\CARLOS\AULAS\VISUAL STUDIO 2010 EXPRESS\FONTES\PROGRAMA-02\PRG02\Debug\GenerateResource.write.47.tlog
C:\CARLOS\AULAS\VISUAL STUDIO 2010 EXPRESS\FONTES\PROGRAMA-02\PRG02\Debug\GenerateResource.write.49.tlog
C:\CARLOS\AULAS\VISUAL STUDIO 2010 EXPRESS\FONTES\PROGRAMA-02\PRG02\Debug\GenerateResource.write.6.tlog
C:\CARLOS\AULAS\VISUAL STUDIO 2010 EXPRESS\FONTES\PROGRAMA-02\PRG02\Debug\GenerateResource.write.66.tlog
C:\CARLOS\AULAS\VISUAL STUDIO 2010 EXPRESS\FONTES\PROGRAMA-02\PRG02\Debug\GenerateResource.write.9.tlog
C:\CARLOS\AULAS\VISUAL STUDIO 2010 EXPRESS\FONTES\PROGRAMA-02\PRG02\Debug\GenerateResource.write.96.tlog
C:\CARLOS\AULAS\VISUAL STUDIO 2010 EXPRESS\FONTES\PROGRAMA-02\PRG02\Debug\link.1152.read.1.tlog
C:\CARLOS\AULAS\VISUAL STUDIO 2010 EXPRESS\FONTES\PROGRAMA-02\PRG02\Debug\link.1152.write.1.tlog
C:\CARLOS\AULAS\VISUAL STUDIO 2010 EXPRESS\FONTES\PROGRAMA-02\PRG02\Debug\link.1152-cvtres.read.1.tlog
C:\CARLOS\AULAS\VISUAL STUDIO 2010 EXPRESS\FONTES\PROGRAMA-02\PRG02\Debug\link.1152-cvtres.write.1.tlog
C:\CARLOS\AULAS\VISUAL STUDIO 2010 EXPRESS\FONTES\PROGRAMA-02\PRG02\Debug\link.1300.read.1.tlog
C:\CARLOS\AULAS\VISUAL STUDIO 2010 EXPRESS\FONTES\PROGRAMA-02\PRG02\Debug\link.1300.write.1.tlog
C:\CARLOS\AULAS\VISUAL STUDIO 2010 EXPRESS\FONTES\PROGRAMA-02\PRG02\Debug\link.1300-cvtres.read.1.tlog
C:\CARLOS\AULAS\VISUAL STUDIO 2010 EXPRESS\FONTES\PROGRAMA-02\PRG02\Debug\link.1300-cvtres.write.1.tlog
C:\CARLOS\AULAS\VISUAL STUDIO 2010 EXPRESS\FONTES\PROGRAMA-02\PRG02\Debug\link.2024.read.1.tlog
C:\CARLOS\AULAS\VISUAL STUDIO 2010 EXPRESS\FONTES\PROGRAMA-02\PRG02\Debug\link.2024.write.1.tlog
C:\CARLOS\AULAS\VISUAL STUDIO 2010 EXPRESS\FONTES\PROGRAMA-02\PRG02\Debug\link.2024-cvtres.read.1.tlog
C:\CARLOS\AULAS\VISUAL STUDIO 2010 EXPRESS\FONTES\PROGRAMA-02\PRG02\Debug\link.2024-cvtres.write.1.tlog
C:\CARLOS\AULAS\VISUAL STUDIO 2010 EXPRESS\FONTES\PROGRAMA-02\PRG02\Debug\link.2064.read.1.tlog
C:\CARLOS\AULAS\VISUAL STUDIO 2010 EXPRESS\FONTES\PROGRAMA-02\PRG02\Debug\link.2064.write.1.tlog
C:\CARLOS\AULAS\VISUAL STUDIO 2010 EXPRESS\FONTES\PROGRAMA-02\PRG02\Debug\link.2064-cvtres.read.1.tlog
C:\CARLOS\AULAS\VISUAL STUDIO 2010 EXPRESS\FONTES\PROGRAMA-02\PRG02\Debug\link.2064-cvtres.write.1.tlog
C:\CARLOS\AULAS\VISUAL STUDIO 2010 EXPRESS\FONTES\PROGRAMA-02\PRG02\Debug\link.2092.read.1.tlog
C:\CARLOS\AULAS\VISUAL STUDIO 2010 EXPRESS\FONTES\PROGRAMA-02\PRG02\Debug\link.2092.write.1.tlog
C:\CARLOS\AULAS\VISUAL STUDIO 2010 EXPRESS\FONTES\PROGRAMA-02\PRG02\Debug\link.2092-cvtres.read.1.tlog
C:\CARLOS\AULAS\VISUAL STUDIO 2010 EXPRESS\FONTES\PROGRAMA-02\PRG02\Debug\link.2092-cvtres.write.1.tlog
C:\CARLOS\AULAS\VISUAL STUDIO 2010 EXPRESS\FONTES\PROGRAMA-02\PRG02\Debug\link.2096.read.1.tlog
C:\CARLOS\AULAS\VISUAL STUDIO 2010 EXPRESS\FONTES\PROGRAMA-02\PRG02\Debug\link.2096.write.1.tlog
C:\CARLOS\AULAS\VISUAL STUDIO 2010 EXPRESS\FONTES\PROGRAMA-02\PRG02\Debug\link.2096-cvtres.read.1.tlog
C:\CARLOS\AULAS\VISUAL STUDIO 2010 EXPRESS\FONTES\PROGRAMA-02\PRG02\Debug\link.2096-cvtres.write.1.tlog
C:\CARLOS\AULAS\VISUAL STUDIO 2010 EXPRESS\FONTES\PROGRAMA-02\PRG02\Debug\link.2488.read.1.tlog
C:\CARLOS\AULAS\VISUAL STUDIO 2010 EXPRESS\FONTES\PROGRAMA-02\PRG02\Debug\link.2488.write.1.tlog
C:\CARLOS\AULAS\VISUAL STUDIO 2010 EXPRESS\FONTES\PROGRAMA-02\PRG02\Debug\link.2488-cvtres.read.1.tlog
C:\CARLOS\AULAS\VISUAL STUDIO 2010 EXPRESS\FONTES\PROGRAMA-02\PRG02\Debug\link.2488-cvtres.write.1.tlog
C:\CARLOS\AULAS\VISUAL STUDIO 2010 EXPRESS\FONTES\PROGRAMA-02\PRG02\Debug\link.2844.read.1.tlog
C:\CARLOS\AULAS\VISUAL STUDIO 2010 EXPRESS\FONTES\PROGRAMA-02\PRG02\Debug\link.2844.write.1.tlog
C:\CARLOS\AULAS\VISUAL STUDIO 2010 EXPRESS\FONTES\PROGRAMA-02\PRG02\Debug\link.2844-cvtres.read.1.tlog
C:\CARLOS\AULAS\VISUAL STUDIO 2010 EXPRESS\FONTES\PROGRAMA-02\PRG02\Debug\link.2844-cvtres.write.1.tlog
C:\CARLOS\AULAS\VISUAL STUDIO 2010 EXPRESS\FONTES\PROGRAMA-02\PRG02\Debug\link.3320.read.1.tlog
C:\CARLOS\AULAS\VISUAL STUDIO 2010 EXPRESS\FONTES\PROGRAMA-02\PRG02\Debug\link.3320.write.1.tlog
C:\CARLOS\AULAS\VISUAL STUDIO 2010 EXPRESS\FONTES\PROGRAMA-02\PRG02\Debug\link.3320-cvtres.read.1.tlog
C:\CARLOS\AULAS\VISUAL STUDIO 2010 EXPRESS\FONTES\PROGRAMA-02\PRG02\Debug\link.3320-cvtres.write.1.tlog
C:\CARLOS\AULAS\VISUAL STUDIO 2010 EXPRESS\FONTES\PROGRAMA-02\PRG02\Debug\link.3392.read.1.tlog
C:\CARLOS\AULAS\VISUAL STUDIO 2010 EXPRESS\FONTES\PROGRAMA-02\PRG02\Debug\link.3392.write.1.tlog
C:\CARLOS\AULAS\VISUAL STUDIO 2010 EXPRESS\FONTES\PROGRAMA-02\PRG02\Debug\link.3392-cvtres.read.1.tlog
C:\CARLOS\AULAS\VISUAL STUDIO 2010 EXPRESS\FONTES\PROGRAMA-02\PRG02\Debug\link.3392-cvtres.write.1.tlog
C:\CARLOS\AULAS\VISUAL STUDIO 2010 EXPRESS\FONTES\PROGRAMA-02\PRG02\Debug\link.3472.read.1.tlog
C:\CARLOS\AULAS\VISUAL STUDIO 2010 EXPRESS\FONTES\PROGRAMA-02\PRG02\Debug\link.3472.write.1.tlog
C:\CARLOS\AULAS\VISUAL STUDIO 2010 EXPRESS\FONTES\PROGRAMA-02\PRG02\Debug\link.3472-cvtres.read.1.tlog
C:\CARLOS\AULAS\VISUAL STUDIO 2010 EXPRESS\FONTES\PROGRAMA-02\PRG02\Debug\link.3472-cvtres.write.1.tlog
C:\CARLOS\AULAS\VISUAL STUDIO 2010 EXPRESS\FONTES\PROGRAMA-02\PRG02\Debug\link.3552.read.1.tlog
C:\CARLOS\AULAS\VISUAL STUDIO 2010 EXPRESS\FONTES\PROGRAMA-02\PRG02\Debug\link.3552.write.1.tlog
C:\CARLOS\AULAS\VISUAL STUDIO 2010 EXPRESS\FONTES\PROGRAMA-02\PRG02\Debug\link.3552-cvtres.read.1.tlog
C:\CARLOS\AULAS\VISUAL STUDIO 2010 EXPRESS\FONTES\PROGRAMA-02\PRG02\Debug\link.3552-cvtres.write.1.tlog
C:\CARLOS\AULAS\VISUAL STUDIO 2010 EXPRESS\FONTES\PROGRAMA-02\PRG02\Debug\link.3784.read.1.tlog
C:\CARLOS\AULAS\VISUAL STUDIO 2010 EXPRESS\FONTES\PROGRAMA-02\PRG02\Debug\link.3784.write.1.tlog
C:\CARLOS\AULAS\VISUAL STUDIO 2010 EXPRESS\FONTES\PROGRAMA-02\PRG02\Debug\link.3784-cvtres.read.1.tlog
C:\CARLOS\AULAS\VISUAL STUDIO 2010 EXPRESS\FONTES\PROGRAMA-02\PRG02\Debug\link.3784-cvtres.write.1.tlog
C:\CARLOS\AULAS\VISUAL STUDIO 2010 EXPRESS\FONTES\PROGRAMA-02\PRG02\Debug\link.3900.read.1.tlog
C:\CARLOS\AULAS\VISUAL STUDIO 2010 EXPRESS\FONTES\PROGRAMA-02\PRG02\Debug\link.3900.write.1.tlog
C:\CARLOS\AULAS\VISUAL STUDIO 2010 EXPRESS\FONTES\PROGRAMA-02\PRG02\Debug\link.3900-cvtres.read.1.tlog
C:\CARLOS\AULAS\VISUAL STUDIO 2010 EXPRESS\FONTES\PROGRAMA-02\PRG02\Debug\link.3900-cvtres.write.1.tlog
C:\CARLOS\AULAS\VISUAL STUDIO 2010 EXPRESS\FONTES\PROGRAMA-02\PRG02\Debug\link.396.read.1.tlog
C:\CARLOS\AULAS\VISUAL STUDIO 2010 EXPRESS\FONTES\PROGRAMA-02\PRG02\Debug\link.396.write.1.tlog
C:\CARLOS\AULAS\VISUAL STUDIO 2010 EXPRESS\FONTES\PROGRAMA-02\PRG02\Debug\link.396-cvtres.read.1.tlog
C:\CARLOS\AULAS\VISUAL STUDIO 2010 EXPRESS\FONTES\PROGRAMA-02\PRG02\Debug\link.396-cvtres.write.1.tlog
C:\CARLOS\AULAS\VISUAL STUDIO 2010 EXPRESS\FONTES\PROGRAMA-02\PRG02\Debug\link.4244.read.1.tlog
C:\CARLOS\AULAS\VISUAL STUDIO 2010 EXPRESS\FONTES\PROGRAMA-02\PRG02\Debug\link.4244.write.1.tlog
C:\CARLOS\AULAS\VISUAL STUDIO 2010 EXPRESS\FONTES\PROGRAMA-02\PRG02\Debug\link.4244-cvtres.read.1.tlog
C:\CARLOS\AULAS\VISUAL STUDIO 2010 EXPRESS\FONTES\PROGRAMA-02\PRG02\Debug\link.4244-cvtres.write.1.tlog
C:\CARLOS\AULAS\VISUAL STUDIO 2010 EXPRESS\FONTES\PROGRAMA-02\PRG02\Debug\link.4264.read.1.tlog
C:\CARLOS\AULAS\VISUAL STUDIO 2010 EXPRESS\FONTES\PROGRAMA-02\PRG02\Debug\link.4264.write.1.tlog
C:\CARLOS\AULAS\VISUAL STUDIO 2010 EXPRESS\FONTES\PROGRAMA-02\PRG02\Debug\link.4264-cvtres.read.1.tlog
C:\CARLOS\AULAS\VISUAL STUDIO 2010 EXPRESS\FONTES\PROGRAMA-02\PRG02\Debug\link.4264-cvtres.write.1.tlog
C:\CARLOS\AULAS\VISUAL STUDIO 2010 EXPRESS\FONTES\PROGRAMA-02\PRG02\Debug\link.4368.read.1.tlog
C:\CARLOS\AULAS\VISUAL STUDIO 2010 EXPRESS\FONTES\PROGRAMA-02\PRG02\Debug\link.4368.write.1.tlog
C:\CARLOS\AULAS\VISUAL STUDIO 2010 EXPRESS\FONTES\PROGRAMA-02\PRG02\Debug\link.4368-cvtres.read.1.tlog
C:\CARLOS\AULAS\VISUAL STUDIO 2010 EXPRESS\FONTES\PROGRAMA-02\PRG02\Debug\link.4368-cvtres.write.1.tlog
C:\CARLOS\AULAS\VISUAL STUDIO 2010 EXPRESS\FONTES\PROGRAMA-02\PRG02\Debug\link.4540.read.1.tlog
C:\CARLOS\AULAS\VISUAL STUDIO 2010 EXPRESS\FONTES\PROGRAMA-02\PRG02\Debug\link.4540.write.1.tlog
C:\CARLOS\AULAS\VISUAL STUDIO 2010 EXPRESS\FONTES\PROGRAMA-02\PRG02\Debug\link.4540-cvtres.read.1.tlog
C:\CARLOS\AULAS\VISUAL STUDIO 2010 EXPRESS\FONTES\PROGRAMA-02\PRG02\Debug\link.4540-cvtres.write.1.tlog
C:\CARLOS\AULAS\VISUAL STUDIO 2010 EXPRESS\FONTES\PROGRAMA-02\PRG02\Debug\link.5040.read.1.tlog
C:\CARLOS\AULAS\VISUAL STUDIO 2010 EXPRESS\FONTES\PROGRAMA-02\PRG02\Debug\link.5040.write.1.tlog
C:\CARLOS\AULAS\VISUAL STUDIO 2010 EXPRESS\FONTES\PROGRAMA-02\PRG02\Debug\link.5040-cvtres.read.1.tlog
C:\CARLOS\AULAS\VISUAL STUDIO 2010 EXPRESS\FONTES\PROGRAMA-02\PRG02\Debug\link.5040-cvtres.write.1.tlog
C:\CARLOS\AULAS\VISUAL STUDIO 2010 EXPRESS\FONTES\PROGRAMA-02\PRG02\Debug\link.5260.read.1.tlog
C:\CARLOS\AULAS\VISUAL STUDIO 2010 EXPRESS\FONTES\PROGRAMA-02\PRG02\Debug\link.5260.write.1.tlog
C:\CARLOS\AULAS\VISUAL STUDIO 2010 EXPRESS\FONTES\PROGRAMA-02\PRG02\Debug\link.5260-cvtres.read.1.tlog
C:\CARLOS\AULAS\VISUAL STUDIO 2010 EXPRESS\FONTES\PROGRAMA-02\PRG02\Debug\link.5260-cvtres.write.1.tlog
C:\CARLOS\AULAS\VISUAL STUDIO 2010 EXPRESS\FONTES\PROGRAMA-02\PRG02\Debug\link.5320.read.1.tlog
C:\CARLOS\AULAS\VISUAL STUDIO 2010 EXPRESS\FONTES\PROGRAMA-02\PRG02\Debug\link.5320.write.1.tlog
C:\CARLOS\AULAS\VISUAL STUDIO 2010 EXPRESS\FONTES\PROGRAMA-02\PRG02\Debug\link.5320-cvtres.read.1.tlog
C:\CARLOS\AULAS\VISUAL STUDIO 2010 EXPRESS\FONTES\PROGRAMA-02\PRG02\Debug\link.5320-cvtres.write.1.tlog
C:\CARLOS\AULAS\VISUAL STUDIO 2010 EXPRESS\FONTES\PROGRAMA-02\PRG02\Debug\link.5380.read.1.tlog
C:\CARLOS\AULAS\VISUAL STUDIO 2010 EXPRESS\FONTES\PROGRAMA-02\PRG02\Debug\link.5380.write.1.tlog
C:\CARLOS\AULAS\VISUAL STUDIO 2010 EXPRESS\FONTES\PROGRAMA-02\PRG02\Debug\link.5380-cvtres.read.1.tlog
C:\CARLOS\AULAS\VISUAL STUDIO 2010 EXPRESS\FONTES\PROGRAMA-02\PRG02\Debug\link.5380-cvtres.write.1.tlog
C:\CARLOS\AULAS\VISUAL STUDIO 2010 EXPRESS\FONTES\PROGRAMA-02\PRG02\Debug\link.5408.read.1.tlog
C:\CARLOS\AULAS\VISUAL STUDIO 2010 EXPRESS\FONTES\PROGRAMA-02\PRG02\Debug\link.5408.write.1.tlog
C:\CARLOS\AULAS\VISUAL STUDIO 2010 EXPRESS\FONTES\PROGRAMA-02\PRG02\Debug\link.5408-cvtres.read.1.tlog
C:\CARLOS\AULAS\VISUAL STUDIO 2010 EXPRESS\FONTES\PROGRAMA-02\PRG02\Debug\link.5408-cvtres.write.1.tlog
C:\CARLOS\AULAS\VISUAL STUDIO 2010 EXPRESS\FONTES\PROGRAMA-02\PRG02\Debug\link.5512.read.1.tlog
C:\CARLOS\AULAS\VISUAL STUDIO 2010 EXPRESS\FONTES\PROGRAMA-02\PRG02\Debug\link.5512.write.1.tlog
C:\CARLOS\AULAS\VISUAL STUDIO 2010 EXPRESS\FONTES\PROGRAMA-02\PRG02\Debug\link.5512-cvtres.read.1.tlog
C:\CARLOS\AULAS\VISUAL STUDIO 2010 EXPRESS\FONTES\PROGRAMA-02\PRG02\Debug\link.5512-cvtres.write.1.tlog
C:\CARLOS\AULAS\VISUAL STUDIO 2010 EXPRESS\FONTES\PROGRAMA-02\PRG02\Debug\link.5576.read.1.tlog
C:\CARLOS\AULAS\VISUAL STUDIO 2010 EXPRESS\FONTES\PROGRAMA-02\PRG02\Debug\link.5576.write.1.tlog
C:\CARLOS\AULAS\VISUAL STUDIO 2010 EXPRESS\FONTES\PROGRAMA-02\PRG02\Debug\link.5576-cvtres.read.1.tlog
C:\CARLOS\AULAS\VISUAL STUDIO 2010 EXPRESS\FONTES\PROGRAMA-02\PRG02\Debug\link.5576-cvtres.write.1.tlog
C:\CARLOS\AULAS\VISUAL STUDIO 2010 EXPRESS\FONTES\PROGRAMA-02\PRG02\Debug\link.5728.read.1.tlog
C:\CARLOS\AULAS\VISUAL STUDIO 2010 EXPRESS\FONTES\PROGRAMA-02\PRG02\Debug\link.5728.write.1.tlog
C:\CARLOS\AULAS\VISUAL STUDIO 2010 EXPRESS\FONTES\PROGRAMA-02\PRG02\Debug\link.5728-cvtres.read.1.tlog
C:\CARLOS\AULAS\VISUAL STUDIO 2010 EXPRESS\FONTES\PROGRAMA-02\PRG02\Debug\link.5728-cvtres.write.1.tlog
C:\CARLOS\AULAS\VISUAL STUDIO 2010 EXPRESS\FONTES\PROGRAMA-02\PRG02\Debug\link.5732.read.1.tlog
C:\CARLOS\AULAS\VISUAL STUDIO 2010 EXPRESS\FONTES\PROGRAMA-02\PRG02\Debug\link.5732.write.1.tlog
C:\CARLOS\AULAS\VISUAL STUDIO 2010 EXPRESS\FONTES\PROGRAMA-02\PRG02\Debug\link.5732-cvtres.read.1.tlog
C:\CARLOS\AULAS\VISUAL STUDIO 2010 EXPRESS\FONTES\PROGRAMA-02\PRG02\Debug\link.5732-cvtres.write.1.tlog
C:\CARLOS\AULAS\VISUAL STUDIO 2010 EXPRESS\FONTES\PROGRAMA-02\PRG02\Debug\link.5836.read.1.tlog
C:\CARLOS\AULAS\VISUAL STUDIO 2010 EXPRESS\FONTES\PROGRAMA-02\PRG02\Debug\link.5836.write.1.tlog
C:\CARLOS\AULAS\VISUAL STUDIO 2010 EXPRESS\FONTES\PROGRAMA-02\PRG02\Debug\link.5836-cvtres.read.1.tlog
C:\CARLOS\AULAS\VISUAL STUDIO 2010 EXPRESS\FONTES\PROGRAMA-02\PRG02\Debug\link.5836-cvtres.write.1.tlog
C:\CARLOS\AULAS\VISUAL STUDIO 2010 EXPRESS\FONTES\PROGRAMA-02\PRG02\Debug\link.5936.read.1.tlog
C:\CARLOS\AULAS\VISUAL STUDIO 2010 EXPRESS\FONTES\PROGRAMA-02\PRG02\Debug\link.5936.write.1.tlog
C:\CARLOS\AULAS\VISUAL STUDIO 2010 EXPRESS\FONTES\PROGRAMA-02\PRG02\Debug\link.5936-cvtres.read.1.tlog
C:\CARLOS\AULAS\VISUAL STUDIO 2010 EXPRESS\FONTES\PROGRAMA-02\PRG02\Debug\link.5936-cvtres.write.1.tlog
C:\CARLOS\AULAS\VISUAL STUDIO 2010 EXPRESS\FONTES\PROGRAMA-02\PRG02\Debug\link.636.read.1.tlog
C:\CARLOS\AULAS\VISUAL STUDIO 2010 EXPRESS\FONTES\PROGRAMA-02\PRG02\Debug\link.636.write.1.tlog
C:\CARLOS\AULAS\VISUAL STUDIO 2010 EXPRESS\FONTES\PROGRAMA-02\PRG02\Debug\link.636-cvtres.read.1.tlog
C:\CARLOS\AULAS\VISUAL STUDIO 2010 EXPRESS\FONTES\PROGRAMA-02\PRG02\Debug\link.636-cvtres.write.1.tlog
C:\CARLOS\AULAS\VISUAL STUDIO 2010 EXPRESS\FONTES\PROGRAMA-02\PRG02\Debug\link.752.read.1.tlog
C:\CARLOS\AULAS\VISUAL STUDIO 2010 EXPRESS\FONTES\PROGRAMA-02\PRG02\Debug\link.752.write.1.tlog
C:\CARLOS\AULAS\VISUAL STUDIO 2010 EXPRESS\FONTES\PROGRAMA-02\PRG02\Debug\link.752-cvtres.read.1.tlog
C:\CARLOS\AULAS\VISUAL STUDIO 2010 EXPRESS\FONTES\PROGRAMA-02\PRG02\Debug\link.752-cvtres.write.1.tlog
C:\CARLOS\AULAS\VISUAL STUDIO 2010 EXPRESS\FONTES\PROGRAMA-02\PRG02\Debug\link.836.read.1.tlog
C:\CARLOS\AULAS\VISUAL STUDIO 2010 EXPRESS\FONTES\PROGRAMA-02\PRG02\Debug\link.836.write.1.tlog
C:\CARLOS\AULAS\VISUAL STUDIO 2010 EXPRESS\FONTES\PROGRAMA-02\PRG02\Debug\link.836-cvtres.read.1.tlog
C:\CARLOS\AULAS\VISUAL STUDIO 2010 EXPRESS\FONTES\PROGRAMA-02\PRG02\Debug\link.836-cvtres.write.1.tlog
C:\CARLOS\AULAS\VISUAL STUDIO 2010 EXPRESS\FONTES\PROGRAMA-02\PRG02\Debug\link.944.read.1.tlog
C:\CARLOS\AULAS\VISUAL STUDIO 2010 EXPRESS\FONTES\PROGRAMA-02\PRG02\Debug\link.944.write.1.tlog
C:\CARLOS\AULAS\VISUAL STUDIO 2010 EXPRESS\FONTES\PROGRAMA-02\PRG02\Debug\link.944-cvtres.read.1.tlog
C:\CARLOS\AULAS\VISUAL STUDIO 2010 EXPRESS\FONTES\PROGRAMA-02\PRG02\Debug\link.944-cvtres.write.1.tlog
C:\CARLOS\AULAS\VISUAL STUDIO 2010 EXPRESS\FONTES\PROGRAMA-02\PRG02\Debug\link.command.1.tlog
C:\CARLOS\AULAS\VISUAL STUDIO 2010 EXPRESS\FONTES\PROGRAMA-02\PRG02\Debug\link.read.1.tlog
C:\CARLOS\AULAS\VISUAL STUDIO 2010 EXPRESS\FONTES\PROGRAMA-02\PRG02\Debug\link.write.1.tlog
C:\CARLOS\AULAS\VISUAL STUDIO 2010 EXPRESS\FONTES\PROGRAMA-02\PRG02\Debug\mt.command.1.tlog
C:\CARLOS\AULAS\VISUAL STUDIO 2010 EXPRESS\FONTES\PROGRAMA-02\PRG02\Debug\mt.read.1.tlog
C:\CARLOS\AULAS\VISUAL STUDIO 2010 EXPRESS\FONTES\PROGRAMA-02\PRG02\Debug\mt.write.1.tlog
C:\CARLOS\AULAS\VISUAL STUDIO 2010 EXPRESS\FONTES\PROGRAMA-02\PRG02\DEBUG\PRG02.EXE
C:\CARLOS\AULAS\VISUAL STUDIO 2010 EXPRESS\FONTES\PROGRAMA-02\PRG02\DEBUG\PRG02.EXE.INTERMEDIATE.MANIFEST
C:\CARLOS\AULAS\VISUAL STUDIO 2010 EXPRESS\FONTES\PROGRAMA-02\PRG02\DEBUG\PRG02.FORM1.RESOURCES
C:\CARLOS\AULAS\VISUAL STUDIO 2010 EXPRESS\FONTES\PROGRAMA-02\PRG02\DEBUG\PRG02.ILK
C:\CARLOS\AULAS\VISUAL STUDIO 2010 EXPRESS\FONTES\PROGRAMA-02\PRG02\DEBUG\PRG02.OBJ
C:\CARLOS\AULAS\VISUAL STUDIO 2010 EXPRESS\FONTES\PROGRAMA-02\PRG02\DEBUG\PRG02.PCH
C:\CARLOS\AULAS\VISUAL STUDIO 2010 EXPRESS\FONTES\PROGRAMA-02\PRG02\DEBUG\PRG02.PDB
C:\CARLOS\AULAS\VISUAL STUDIO 2010 EXPRESS\FONTES\PROGRAMA-02\PRG02\Debug\PRG02.write.1.tlog
C:\CARLOS\AULAS\VISUAL STUDIO 2010 EXPRESS\FONTES\PROGRAMA-02\PRG02\Debug\rc.command.1.tlog
C:\CARLOS\AULAS\VISUAL STUDIO 2010 EXPRESS\FONTES\PROGRAMA-02\PRG02\Debug\rc.read.1.tlog
C:\CARLOS\AULAS\VISUAL STUDIO 2010 EXPRESS\FONTES\PROGRAMA-02\PRG02\Debug\rc.write.1.tlog
C:\CARLOS\AULAS\VISUAL STUDIO 2010 EXPRESS\FONTES\PROGRAMA-02\PRG02\DEBUG\STDAFX.OBJ
C:\CARLOS\AULAS\VISUAL STUDIO 2010 EXPRESS\FONTES\PROGRAMA-02\PRG02\DEBUG\VC100.PDB
C:\CARLOS\AULAS\VISUAL STUDIO 2010 EXPRESS\FONTES\PROGRAMA-02\PRG02\PRG02\DEBUG\APP.RES
C:\CARLOS\AULAS\VISUAL STUDIO 2010 EXPRESS\FONTES\PROGRAMA-02\PRG02\PRG02\DEBUG\ASSEMBLYINFO.OBJ
C:\CARLOS\AULAS\VISUAL STUDIO 2010 EXPRESS\FONTES\PROGRAMA-02\PRG02\PRG02\DEBUG\PRG02.EXE.INTERMEDIATE.MANIFEST
C:\CARLOS\AULAS\VISUAL STUDIO 2010 EXPRESS\FONTES\PROGRAMA-02\PRG02\PRG02\DEBUG\PRG02.FORM1.RESOURCES
C:\CARLOS\AULAS\VISUAL STUDIO 2010 EXPRESS\FONTES\PROGRAMA-02\PRG02\PRG02\DEBUG\PRG02.OBJ
C:\CARLOS\AULAS\VISUAL STUDIO 2010 EXPRESS\FONTES\PROGRAMA-02\PRG02\PRG02\DEBUG\PRG02.PCH
C:\CARLOS\AULAS\VISUAL STUDIO 2010 EXPRESS\FONTES\PROGRAMA-02\PRG02\PRG02\DEBUG\STDAFX.OBJ
C:\CARLOS\AULAS\VISUAL STUDIO 2010 EXPRESS\FONTES\PROGRAMA-02\PRG02\PRG02\DEBUG\VC100.PDB
C:\CARLOS\AULAS\VISUAL STUDIO 2010 EXPRESS\PRG02\DEBUG\PRG02.EXE
C:\CARLOS\AULAS\VISUAL STUDIO 2010 EXPRESS\PRG02\DEBUG\PRG02.ILK
C:\CARLOS\AULAS\VISUAL STUDIO 2010 EXPRESS\PRG02\DEBUG\PRG02.PDB
C:\CARLOS\AULAS\VISUAL STUDIO 2010 EXPRESS\PRG02\PRG02\DEBUG\APP.RES
C:\CARLOS\AULAS\VISUAL STUDIO 2010 EXPRESS\PRG02\PRG02\DEBUG\ASSEMBLYINFO.OBJ
C:\CARLOS\AULAS\VISUAL STUDIO 2010 EXPRESS\PRG02\PRG02\DEBUG\PRG02.EXE.INTERMEDIATE.MANIFEST
C:\CARLOS\AULAS\VISUAL STUDIO 2010 EXPRESS\PRG02\PRG02\DEBUG\PRG02.FORM1.RESOURCES
C:\CARLOS\AULAS\VISUAL STUDIO 2010 EXPRESS\PRG02\PRG02\DEBUG\PRG02.OBJ
C:\CARLOS\AULAS\VISUAL STUDIO 2010 EXPRESS\PRG02\PRG02\DEBUG\PRG02.PCH
C:\CARLOS\AULAS\VISUAL STUDIO 2010 EXPRESS\PRG02\PRG02\DEBUG\STDAFX.OBJ
C:\CARLOS\AULAS\VISUAL STUDIO 2010 EXPRESS\PRG02\PRG02\DEBUG\VC100.PDB
C:\CARLOS\AULAS\VISUAL STUDIO 2010 EXPRESS\PROGR02BKP\PRG02\DEBUG\PRG02.EXE
C:\CARLOS\AULAS\VISUAL STUDIO 2010 EXPRESS\PROGR02BKP\PRG02\DEBUG\PRG02.ILK
C:\CARLOS\AULAS\VISUAL STUDIO 2010 EXPRESS\PROGR02BKP\PRG02\DEBUG\PRG02.PDB
C:\CARLOS\AULAS\VISUAL STUDIO 2010 EXPRESS\PROGR02BKP\PRG02\PRG02\DEBUG\APP.RES
C:\CARLOS\AULAS\VISUAL STUDIO 2010 EXPRESS\PROGR02BKP\PRG02\PRG02\DEBUG\ASSEMBLYINFO.OBJ
C:\CARLOS\AULAS\VISUAL STUDIO 2010 EXPRESS\PROGR02BKP\PRG02\PRG02\DEBUG\PRG02.EXE.INTERMEDIATE.MANIFEST
C:\CARLOS\AULAS\VISUAL STUDIO 2010 EXPRESS\PROGR02BKP\PRG02\PRG02\DEBUG\PRG02.FORM1.RESOURCES
C:\CARLOS\AULAS\VISUAL STUDIO 2010 EXPRESS\PROGR02BKP\PRG02\PRG02\DEBUG\PRG02.OBJ
C:\CARLOS\AULAS\VISUAL STUDIO 2010 EXPRESS\PROGR02BKP\PRG02\PRG02\DEBUG\PRG02.PCH
C:\CARLOS\AULAS\VISUAL STUDIO 2010 EXPRESS\PROGR02BKP\PRG02\PRG02\DEBUG\STDAFX.OBJ
C:\CARLOS\AULAS\VISUAL STUDIO 2010 EXPRESS\PROGR02BKP\PRG02\PRG02\DEBUG\VC100.PDB
C:\CARLOS\VISUAL STUDIO 2010 EXPRESS\PRG02\DEBUG\PRG02.EXE
C:\CARLOS\VISUAL STUDIO 2010 EXPRESS\PRG02\DEBUG\PRG02.ILK
C:\CARLOS\VISUAL STUDIO 2010 EXPRESS\PRG02\DEBUG\PRG02.PDB
C:\CARLOS\VISUAL STUDIO 2010 EXPRESS\PRG02\PRG02\DEBUG\APP.RES
C:\CARLOS\VISUAL STUDIO 2010 EXPRESS\PRG02\PRG02\DEBUG\ASSEMBLYINFO.OBJ
C:\CARLOS\VISUAL STUDIO 2010 EXPRESS\PRG02\PRG02\DEBUG\PRG02.EXE.INTERMEDIATE.MANIFEST
C:\CARLOS\VISUAL STUDIO 2010 EXPRESS\PRG02\PRG02\DEBUG\PRG02.FORM1.RESOURCES
C:\CARLOS\VISUAL STUDIO 2010 EXPRESS\PRG02\PRG02\DEBUG\PRG02.OBJ
C:\CARLOS\VISUAL STUDIO 2010 EXPRESS\PRG02\PRG02\DEBUG\PRG02.PCH
C:\CARLOS\VISUAL STUDIO 2010 EXPRESS\PRG02\PRG02\DEBUG\STDAFX.OBJ
C:\CARLOS\VISUAL STUDIO 2010 EXPRESS\PRG02\PRG02\DEBUG\VC100.PDB
C:\CARLOS\VISUAL STUDION 2010\PRG02\DEBUG\PRG02.EXE
C:\CARLOS\VISUAL STUDION 2010\PRG02\DEBUG\PRG02.ILK
C:\CARLOS\VISUAL STUDION 2010\PRG02\DEBUG\PRG02.PDB
C:\CARLOS\VISUAL STUDION 2010\PRG02\PRG02\DEBUG\APP.RES
C:\CARLOS\VISUAL STUDION 2010\PRG02\PRG02\DEBUG\ASSEMBLYINFO.OBJ
C:\CARLOS\VISUAL STUDION 2010\PRG02\PRG02\DEBUG\PRG02.EXE.INTERMEDIATE.MANIFEST
C:\CARLOS\VISUAL STUDION 2010\PRG02\PRG02\DEBUG\PRG02.FORM1.RESOURCES
C:\CARLOS\VISUAL STUDION 2010\PRG02\PRG02\DEBUG\PRG02.OBJ
C:\CARLOS\VISUAL STUDION 2010\PRG02\PRG02\DEBUG\PRG02.PCH
C:\CARLOS\VISUAL STUDION 2010\PRG02\PRG02\DEBUG\STDAFX.OBJ
C:\CARLOS\VISUAL STUDION 2010\PRG02\PRG02\DEBUG\VC100.PDB
