Build started 13/04/2014 18:40:06.
     1>Project "C:\Users\Jonatas\Desktop\Aula de informatica\PROGRAMA-09\PROGR-09\PROGR-09.vcxproj" on node 2 (build target(s)).
     1>InitializeBuildStatus:
         Creating "Debug\PROGR-09.unsuccessfulbuild" because "AlwaysCreate" was specified.
       GenerateTargetFrameworkMonikerAttribute:
       Skipping target "GenerateTargetFrameworkMonikerAttribute" because all output files are up-to-date with respect to the input files.
       ClCompile:
         All outputs are up-to-date.
         All outputs are up-to-date.
         All outputs are up-to-date.
       CoreResGen:
         All outputs are up-to-date.
       ResourceCompile:
         All outputs are up-to-date.
       Link:
         All outputs are up-to-date.
         PROGR-09.vcxproj -> C:\Users\Jonatas\Desktop\Aula de informatica\PROGRAMA-09\Debug\PROGR-09.exe
       FinalizeBuildStatus:
         Deleting file "Debug\PROGR-09.unsuccessfulbuild".
         Touching "Debug\PROGR-09.lastbuildstate".
     1>Done Building Project "C:\Users\Jonatas\Desktop\Aula de informatica\PROGRAMA-09\PROGR-09\PROGR-09.vcxproj" (build target(s)).

Build succeeded.

Time Elapsed 00:00:00.56
