Build started 28/05/2014 07:49:03.
     1>Project "E:\Downloads Facu\Informatica\Trabalho - Programa n°2\Trabalho - Programa n°2\Trabalho - Programa n°2.vcxproj" on node 2 (build target(s)).
     1>InitializeBuildStatus:
         Creating "Debug\Trabalho - Programa n°2.unsuccessfulbuild" because "AlwaysCreate" was specified.
       GenerateTargetFrameworkMonikerAttribute:
       Skipping target "GenerateTargetFrameworkMonikerAttribute" because all output files are up-to-date with respect to the input files.
       ClCompile:
         All outputs are up-to-date.
         C:\Program Files (x86)\Microsoft Visual Studio 10.0\VC\bin\CL.exe /c /AI"C:\Program Files (x86)\Reference Assemblies\Microsoft\Framework\.NETFramework\v4.0" /Zi /clr:pure /nologo /W3 /WX- /Od /Oy- /D WIN32 /D _DEBUG /D _UNICODE /D UNICODE /EHa /MDd /GS /fp:precise /Zc:wchar_t /Zc:forScope /Yu"StdAfx.h" /Fp"Debug\Trabalho - Programa n°2.pch" /Fo"Debug\\" /Fd"Debug\vc100.pdb" /TP /FU"C:\Program Files (x86)\Reference Assemblies\Microsoft\Framework\.NETFramework\v4.0\System.Core.dll" /FU"C:\Program Files (x86)\Reference Assemblies\Microsoft\Framework\.NETFramework\v4.0\System.Data.dll" /FU"C:\Program Files (x86)\Reference Assemblies\Microsoft\Framework\.NETFramework\v4.0\System.dll" /FU"C:\Program Files (x86)\Reference Assemblies\Microsoft\Framework\.NETFramework\v4.0\System.Drawing.dll" /FU"C:\Program Files (x86)\Reference Assemblies\Microsoft\Framework\.NETFramework\v4.0\System.Windows.Forms.dll" /FU"C:\Program Files (x86)\Reference Assemblies\Microsoft\Framework\.NETFramework\v4.0\System.Xml.dll" /analyze- /errorReport:prompt "Trabalho - Programa n°2.cpp" /clr:nostdlib 
         Trabalho - Programa n°2.cpp
     1>e:\downloads facu\informatica\trabalho - programa n°2\trabalho - programa n°2\Form1.h(275): warning C4244: '=' : conversion from 'double' to 'float', possible loss of data
     1>e:\downloads facu\informatica\trabalho - programa n°2\trabalho - programa n°2\Form1.h(276): warning C4244: '=' : conversion from 'double' to 'float', possible loss of data
     1>e:\downloads facu\informatica\trabalho - programa n°2\trabalho - programa n°2\Form1.h(277): warning C4244: '=' : conversion from 'double' to 'float', possible loss of data
     1>e:\downloads facu\informatica\trabalho - programa n°2\trabalho - programa n°2\Form1.h(278): warning C4244: '=' : conversion from 'double' to 'float', possible loss of data
         All outputs are up-to-date.
       CoreResGen:
         "C:\Program Files (x86)\Microsoft SDKs\Windows\v7.0A\bin\NETFX 4.0 Tools\resgen.exe" /useSourcePath /r:"C:\Program Files (x86)\Reference Assemblies\Microsoft\Framework\.NETFramework\v4.0\System.Core.dll" /r:"C:\Program Files (x86)\Reference Assemblies\Microsoft\Framework\.NETFramework\v4.0\System.Data.dll" /r:"C:\Program Files (x86)\Reference Assemblies\Microsoft\Framework\.NETFramework\v4.0\System.dll" /r:"C:\Program Files (x86)\Reference Assemblies\Microsoft\Framework\.NETFramework\v4.0\System.Drawing.dll" /r:"C:\Program Files (x86)\Reference Assemblies\Microsoft\Framework\.NETFramework\v4.0\System.Windows.Forms.dll" /r:"C:\Program Files (x86)\Reference Assemblies\Microsoft\Framework\.NETFramework\v4.0\System.Xml.dll" /compile Form1.resX,"Debug\TrabalhoPrograman°2.Form1.resources"
         Processing resource file "Form1.resX" into "Debug\TrabalhoPrograman°2.Form1.resources".
       ResourceCompile:
         All outputs are up-to-date.
       Link:
         C:\Program Files (x86)\Microsoft Visual Studio 10.0\VC\bin\link.exe /ERRORREPORT:PROMPT /OUT:"E:\Downloads Facu\Informatica\Trabalho - Programa n°2\Debug\Trabalho - Programa n°2.exe" /INCREMENTAL /NOLOGO /ASSEMBLYRESOURCE:"Debug\TrabalhoPrograman°2.Form1.resources" /MANIFEST /ManifestFile:"Debug\Trabalho - Programa n°2.exe.intermediate.manifest" /MANIFESTUAC:"level='asInvoker' uiAccess='false'" /DEBUG /PDB:"E:\Downloads Facu\Informatica\Trabalho - Programa n°2\Debug\Trabalho - Programa n°2.pdb" /ASSEMBLYDEBUG /SUBSYSTEM:WINDOWS /TLBID:1 /ENTRY:"main" /DYNAMICBASE /FIXED:NO /NXCOMPAT /MACHINE:X86 Debug\app.res
         Debug\AssemblyInfo.obj
         Debug\stdafx.obj
         "Debug\Trabalho - Programa n°2.obj"
         "Debug\.NETFramework,Version=v4.0.AssemblyAttributes.obj"
         Trabalho - Programa n°2.vcxproj -> E:\Downloads Facu\Informatica\Trabalho - Programa n°2\Debug\Trabalho - Programa n°2.exe
       Manifest:
         C:\Program Files (x86)\Microsoft SDKs\Windows\v7.0A\bin\mt.exe /nologo /verbose /outputresource:"E:\Downloads Facu\Informatica\Trabalho - Programa n°2\Debug\Trabalho - Programa n°2.exe;#1" /manifest "Debug\Trabalho - Programa n°2.exe.intermediate.manifest"
       FinalizeBuildStatus:
         Deleting file "Debug\Trabalho - Programa n°2.unsuccessfulbuild".
         Touching "Debug\Trabalho - Programa n°2.lastbuildstate".
     1>Done Building Project "E:\Downloads Facu\Informatica\Trabalho - Programa n°2\Trabalho - Programa n°2\Trabalho - Programa n°2.vcxproj" (build target(s)).

Build succeeded.

Time Elapsed 00:00:01.48
