Build started 13/04/2014 20:16:49.
     1>Project "C:\Users\Jonatas\Desktop\Aula de informatica\PROGRAMA-10\PROG 10\PROG 10\PROG 10.vcxproj" on node 2 (build target(s)).
     1>InitializeBuildStatus:
         Touching "Debug\PROG 10.unsuccessfulbuild".
       GenerateTargetFrameworkMonikerAttribute:
       Skipping target "GenerateTargetFrameworkMonikerAttribute" because all output files are up-to-date with respect to the input files.
       ClCompile:
         All outputs are up-to-date.
         C:\Program Files (x86)\Microsoft Visual Studio 10.0\VC\bin\CL.exe /c /AI"C:\Program Files (x86)\Reference Assemblies\Microsoft\Framework\.NETFramework\v4.0" /Zi /clr:pure /nologo /W3 /WX- /Od /Oy- /D WIN32 /D _DEBUG /D _UNICODE /D UNICODE /EHa /MDd /GS /fp:precise /Zc:wchar_t /Zc:forScope /Yu"StdAfx.h" /Fp"Debug\PROG 10.pch" /Fo"Debug\\" /Fd"Debug\vc100.pdb" /TP /FU"C:\Program Files (x86)\Reference Assemblies\Microsoft\Framework\.NETFramework\v4.0\System.Core.dll" /FU"C:\Program Files (x86)\Reference Assemblies\Microsoft\Framework\.NETFramework\v4.0\System.Data.dll" /FU"C:\Program Files (x86)\Reference Assemblies\Microsoft\Framework\.NETFramework\v4.0\System.dll" /FU"C:\Program Files (x86)\Reference Assemblies\Microsoft\Framework\.NETFramework\v4.0\System.Drawing.dll" /FU"C:\Program Files (x86)\Reference Assemblies\Microsoft\Framework\.NETFramework\v4.0\System.Windows.Forms.dll" /FU"C:\Program Files (x86)\Reference Assemblies\Microsoft\Framework\.NETFramework\v4.0\System.Xml.dll" /analyze- /errorReport:prompt "PROG 10.cpp" /clr:nostdlib 
         PROG 10.cpp
     1>c:\users\jonatas\desktop\aula de informatica\programa-10\prog 10\prog 10\Form1.h(338): warning C4244: '=' : conversion from 'double' to 'float', possible loss of data
     1>c:\users\jonatas\desktop\aula de informatica\programa-10\prog 10\prog 10\Form1.h(339): warning C4244: '=' : conversion from 'double' to 'float', possible loss of data
     1>c:\users\jonatas\desktop\aula de informatica\programa-10\prog 10\prog 10\Form1.h(340): warning C4244: '=' : conversion from 'double' to 'float', possible loss of data
     1>c:\users\jonatas\desktop\aula de informatica\programa-10\prog 10\prog 10\Form1.h(341): warning C4244: '=' : conversion from 'double' to 'float', possible loss of data
     1>c:\users\jonatas\desktop\aula de informatica\programa-10\prog 10\prog 10\Form1.h(342): warning C4244: '=' : conversion from 'double' to 'float', possible loss of data
         All outputs are up-to-date.
       CoreResGen:
         All outputs are up-to-date.
       ResourceCompile:
         All outputs are up-to-date.
       Link:
         C:\Program Files (x86)\Microsoft Visual Studio 10.0\VC\bin\link.exe /ERRORREPORT:PROMPT /OUT:"C:\Users\Jonatas\Desktop\Aula de informatica\PROGRAMA-10\PROG 10\Debug\PROG 10.exe" /INCREMENTAL /NOLOGO /ASSEMBLYRESOURCE:Debug\PROG10.Form1.resources /MANIFEST /ManifestFile:"Debug\PROG 10.exe.intermediate.manifest" /MANIFESTUAC:"level='asInvoker' uiAccess='false'" /DEBUG /PDB:"C:\Users\Jonatas\Desktop\Aula de informatica\PROGRAMA-10\PROG 10\Debug\PROG 10.pdb" /ASSEMBLYDEBUG /SUBSYSTEM:WINDOWS /TLBID:1 /ENTRY:"main" /DYNAMICBASE /FIXED:NO /NXCOMPAT /MACHINE:X86 Debug\app.res
         Debug\AssemblyInfo.obj
         "Debug\PROG 10.obj"
         Debug\stdafx.obj
         "Debug\.NETFramework,Version=v4.0.AssemblyAttributes.obj"
         PROG 10.vcxproj -> C:\Users\Jonatas\Desktop\Aula de informatica\PROGRAMA-10\PROG 10\Debug\PROG 10.exe
       Manifest:
         C:\Program Files (x86)\Microsoft SDKs\Windows\v7.0A\bin\mt.exe /nologo /verbose /outputresource:"C:\Users\Jonatas\Desktop\Aula de informatica\PROGRAMA-10\PROG 10\Debug\PROG 10.exe;#1" /manifest "Debug\PROG 10.exe.intermediate.manifest"
       FinalizeBuildStatus:
         Deleting file "Debug\PROG 10.unsuccessfulbuild".
         Touching "Debug\PROG 10.lastbuildstate".
     1>Done Building Project "C:\Users\Jonatas\Desktop\Aula de informatica\PROGRAMA-10\PROG 10\PROG 10\PROG 10.vcxproj" (build target(s)).

Build succeeded.

Time Elapsed 00:00:00.81
